<?xml version="1.0" encoding="UTF-8"?>
<testsuite xmlns:xsi="http://www.w3.org/2001/XMLSchema-instance" xsi:noNamespaceSchemaLocation="https://maven.apache.org/surefire/maven-surefire-plugin/xsd/surefire-test-report.xsd" name="com.atguigu.demo.VodTest" time="0.512" tests="3" errors="0" skipped="0" failures="0">
  <properties>
    <property name="sun.desktop" value="windows"/>
    <property name="awt.toolkit" value="sun.awt.windows.WToolkit"/>
    <property name="file.encoding.pkg" value="sun.io"/>
    <property name="java.specification.version" value="1.8"/>
    <property name="sun.cpu.isalist" value="amd64"/>
    <property name="sun.jnu.encoding" value="GBK"/>
    <property name="java.class.path" value="D:\gitTest\guli_parent-master\service\service_vod\target\test-classes;D:\gitTest\guli_parent-master\service\service_vod\target\classes;D:\repository\com\aliyun\aliyun-java-sdk-core\4.3.3\aliyun-java-sdk-core-4.3.3.jar;D:\repository\javax\xml\bind\jaxb-api\2.3.1\jaxb-api-2.3.1.jar;D:\repository\javax\activation\javax.activation-api\1.2.0\javax.activation-api-1.2.0.jar;D:\repository\com\sun\xml\bind\jaxb-core\2.3.0.1\jaxb-core-2.3.0.1.jar;D:\repository\com\sun\xml\bind\jaxb-impl\2.3.2\jaxb-impl-2.3.2.jar;D:\repository\javax\activation\activation\1.1.1\activation-1.1.1.jar;D:\repository\org\jacoco\org.jacoco.agent\0.8.3\org.jacoco.agent-0.8.3-runtime.jar;D:\repository\com\aliyun\oss\aliyun-sdk-oss\3.1.0\aliyun-sdk-oss-3.1.0.jar;D:\repository\org\jdom\jdom\1.1\jdom-1.1.jar;D:\repository\com\sun\jersey\jersey-json\1.9\jersey-json-1.9.jar;D:\repository\org\codehaus\jettison\jettison\1.1\jettison-1.1.jar;D:\repository\stax\stax-api\1.0.1\stax-api-1.0.1.jar;D:\repository\org\codehaus\jackson\jackson-core-asl\1.8.3\jackson-core-asl-1.8.3.jar;D:\repository\org\codehaus\jackson\jackson-mapper-asl\1.8.3\jackson-mapper-asl-1.8.3.jar;D:\repository\org\codehaus\jackson\jackson-jaxrs\1.8.3\jackson-jaxrs-1.8.3.jar;D:\repository\org\codehaus\jackson\jackson-xc\1.8.3\jackson-xc-1.8.3.jar;D:\repository\com\sun\jersey\jersey-core\1.9\jersey-core-1.9.jar;D:\repository\com\aliyun\aliyun-java-sdk-ram\3.0.0\aliyun-java-sdk-ram-3.0.0.jar;D:\repository\com\aliyun\aliyun-java-sdk-sts\3.0.0\aliyun-java-sdk-sts-3.0.0.jar;D:\repository\com\aliyun\aliyun-java-sdk-ecs\4.2.0\aliyun-java-sdk-ecs-4.2.0.jar;D:\repository\com\aliyun\aliyun-java-sdk-vod\2.15.2\aliyun-java-sdk-vod-2.15.2.jar;D:\gitTest\guli_parent-master\service\service_vod\src\main\resources\lib\aliyun-java-vod-upload-1.4.11.jar;D:\repository\com\alibaba\fastjson\1.2.28\fastjson-1.2.28.jar;D:\repository\org\json\json\20170516\json-20170516.jar;D:\repository\com\google\code\gson\gson\2.8.2\gson-2.8.2.jar;D:\repository\joda-time\joda-time\2.10.1\joda-time-2.10.1.jar;D:\repository\com\atguigu\service_base\0.0.1-SNAPSHOT\service_base-0.0.1-SNAPSHOT.jar;D:\repository\com\atguigu\common_util\0.0.1-SNAPSHOT\common_util-0.0.1-SNAPSHOT.jar;D:\repository\io\jsonwebtoken\jjwt\0.7.0\jjwt-0.7.0.jar;D:\repository\org\springframework\boot\spring-boot-starter-data-redis\2.2.1.RELEASE\spring-boot-starter-data-redis-2.2.1.RELEASE.jar;D:\repository\org\springframework\data\spring-data-redis\2.2.1.RELEASE\spring-data-redis-2.2.1.RELEASE.jar;D:\repository\org\springframework\data\spring-data-keyvalue\2.2.1.RELEASE\spring-data-keyvalue-2.2.1.RELEASE.jar;D:\repository\org\springframework\data\spring-data-commons\2.2.1.RELEASE\spring-data-commons-2.2.1.RELEASE.jar;D:\repository\org\springframework\spring-tx\5.2.1.RELEASE\spring-tx-5.2.1.RELEASE.jar;D:\repository\org\springframework\spring-oxm\5.2.1.RELEASE\spring-oxm-5.2.1.RELEASE.jar;D:\repository\org\springframework\spring-context-support\5.2.1.RELEASE\spring-context-support-5.2.1.RELEASE.jar;D:\repository\io\lettuce\lettuce-core\5.2.1.RELEASE\lettuce-core-5.2.1.RELEASE.jar;D:\repository\io\netty\netty-common\4.1.43.Final\netty-common-4.1.43.Final.jar;D:\repository\io\netty\netty-handler\4.1.43.Final\netty-handler-4.1.43.Final.jar;D:\repository\io\netty\netty-buffer\4.1.43.Final\netty-buffer-4.1.43.Final.jar;D:\repository\io\netty\netty-codec\4.1.43.Final\netty-codec-4.1.43.Final.jar;D:\repository\io\netty\netty-transport\4.1.43.Final\netty-transport-4.1.43.Final.jar;D:\repository\io\netty\netty-resolver\4.1.43.Final\netty-resolver-4.1.43.Final.jar;D:\repository\io\projectreactor\reactor-core\3.3.0.RELEASE\reactor-core-3.3.0.RELEASE.jar;D:\repository\org\apache\commons\commons-pool2\2.7.0\commons-pool2-2.7.0.jar;D:\repository\org\springframework\boot\spring-boot-starter-web\2.2.1.RELEASE\spring-boot-starter-web-2.2.1.RELEASE.jar;D:\repository\org\springframework\boot\spring-boot-starter\2.2.1.RELEASE\spring-boot-starter-2.2.1.RELEASE.jar;D:\repository\org\springframework\boot\spring-boot\2.2.1.RELEASE\spring-boot-2.2.1.RELEASE.jar;D:\repository\org\springframework\boot\spring-boot-starter-logging\2.2.1.RELEASE\spring-boot-starter-logging-2.2.1.RELEASE.jar;D:\repository\ch\qos\logback\logback-classic\1.2.3\logback-classic-1.2.3.jar;D:\repository\ch\qos\logback\logback-core\1.2.3\logback-core-1.2.3.jar;D:\repository\org\apache\logging\log4j\log4j-to-slf4j\2.12.1\log4j-to-slf4j-2.12.1.jar;D:\repository\org\apache\logging\log4j\log4j-api\2.12.1\log4j-api-2.12.1.jar;D:\repository\org\slf4j\jul-to-slf4j\1.7.29\jul-to-slf4j-1.7.29.jar;D:\repository\jakarta\annotation\jakarta.annotation-api\1.3.5\jakarta.annotation-api-1.3.5.jar;D:\repository\org\springframework\spring-core\5.2.1.RELEASE\spring-core-5.2.1.RELEASE.jar;D:\repository\org\springframework\spring-jcl\5.2.1.RELEASE\spring-jcl-5.2.1.RELEASE.jar;D:\repository\org\yaml\snakeyaml\1.25\snakeyaml-1.25.jar;D:\repository\org\springframework\boot\spring-boot-starter-json\2.2.1.RELEASE\spring-boot-starter-json-2.2.1.RELEASE.jar;D:\repository\com\fasterxml\jackson\core\jackson-databind\2.10.0\jackson-databind-2.10.0.jar;D:\repository\com\fasterxml\jackson\datatype\jackson-datatype-jdk8\2.10.0\jackson-datatype-jdk8-2.10.0.jar;D:\repository\com\fasterxml\jackson\datatype\jackson-datatype-jsr310\2.10.0\jackson-datatype-jsr310-2.10.0.jar;D:\repository\com\fasterxml\jackson\module\jackson-module-parameter-names\2.10.0\jackson-module-parameter-names-2.10.0.jar;D:\repository\org\springframework\boot\spring-boot-starter-tomcat\2.2.1.RELEASE\spring-boot-starter-tomcat-2.2.1.RELEASE.jar;D:\repository\org\apache\tomcat\embed\tomcat-embed-core\9.0.27\tomcat-embed-core-9.0.27.jar;D:\repository\org\apache\tomcat\embed\tomcat-embed-el\9.0.27\tomcat-embed-el-9.0.27.jar;D:\repository\org\apache\tomcat\embed\tomcat-embed-websocket\9.0.27\tomcat-embed-websocket-9.0.27.jar;D:\repository\org\springframework\boot\spring-boot-starter-validation\2.2.1.RELEASE\spring-boot-starter-validation-2.2.1.RELEASE.jar;D:\repository\jakarta\validation\jakarta.validation-api\2.0.1\jakarta.validation-api-2.0.1.jar;D:\repository\org\hibernate\validator\hibernate-validator\6.0.18.Final\hibernate-validator-6.0.18.Final.jar;D:\repository\org\jboss\logging\jboss-logging\3.4.1.Final\jboss-logging-3.4.1.Final.jar;D:\repository\org\springframework\spring-web\5.2.1.RELEASE\spring-web-5.2.1.RELEASE.jar;D:\repository\org\springframework\spring-beans\5.2.1.RELEASE\spring-beans-5.2.1.RELEASE.jar;D:\repository\org\springframework\spring-webmvc\5.2.1.RELEASE\spring-webmvc-5.2.1.RELEASE.jar;D:\repository\org\springframework\spring-aop\5.2.1.RELEASE\spring-aop-5.2.1.RELEASE.jar;D:\repository\org\springframework\spring-context\5.2.1.RELEASE\spring-context-5.2.1.RELEASE.jar;D:\repository\org\springframework\spring-expression\5.2.1.RELEASE\spring-expression-5.2.1.RELEASE.jar;D:\repository\mysql\mysql-connector-java\8.0.18\mysql-connector-java-8.0.18.jar;D:\repository\com\baomidou\mybatis-plus-boot-starter\3.0.5\mybatis-plus-boot-starter-3.0.5.jar;D:\repository\com\baomidou\mybatis-plus\3.0.5\mybatis-plus-3.0.5.jar;D:\repository\com\baomidou\mybatis-plus-extension\3.0.5\mybatis-plus-extension-3.0.5.jar;D:\repository\com\baomidou\mybatis-plus-core\3.0.5\mybatis-plus-core-3.0.5.jar;D:\repository\com\baomidou\mybatis-plus-annotation\3.0.5\mybatis-plus-annotation-3.0.5.jar;D:\repository\com\github\jsqlparser\jsqlparser\1.2\jsqlparser-1.2.jar;D:\repository\org\mybatis\mybatis-spring\1.3.2\mybatis-spring-1.3.2.jar;D:\repository\org\mybatis\mybatis\3.4.6\mybatis-3.4.6.jar;D:\repository\com\baomidou\mybatis-plus-generator\3.0.5\mybatis-plus-generator-3.0.5.jar;D:\repository\org\springframework\boot\spring-boot-autoconfigure\2.2.1.RELEASE\spring-boot-autoconfigure-2.2.1.RELEASE.jar;D:\repository\org\springframework\boot\spring-boot-starter-jdbc\2.2.1.RELEASE\spring-boot-starter-jdbc-2.2.1.RELEASE.jar;D:\repository\com\zaxxer\HikariCP\3.4.1\HikariCP-3.4.1.jar;D:\repository\org\springframework\spring-jdbc\5.2.1.RELEASE\spring-jdbc-5.2.1.RELEASE.jar;D:\repository\org\springframework\boot\spring-boot-configuration-processor\2.2.1.RELEASE\spring-boot-configuration-processor-2.2.1.RELEASE.jar;D:\repository\org\apache\velocity\velocity-engine-core\2.0\velocity-engine-core-2.0.jar;D:\repository\org\apache\commons\commons-lang3\3.9\commons-lang3-3.9.jar;D:\repository\org\slf4j\slf4j-api\1.7.29\slf4j-api-1.7.29.jar;D:\repository\org\springframework\cloud\spring-cloud-starter-alibaba-nacos-discovery\0.2.2.RELEASE\spring-cloud-starter-alibaba-nacos-discovery-0.2.2.RELEASE.jar;D:\repository\org\springframework\cloud\spring-cloud-alibaba-nacos-discovery\0.2.2.RELEASE\spring-cloud-alibaba-nacos-discovery-0.2.2.RELEASE.jar;D:\repository\com\alibaba\nacos\nacos-client\1.0.0\nacos-client-1.0.0.jar;D:\repository\com\alibaba\nacos\nacos-common\1.0.0\nacos-common-1.0.0.jar;D:\repository\com\alibaba\nacos\nacos-api\1.0.0\nacos-api-1.0.0.jar;D:\repository\io\prometheus\simpleclient\0.5.0\simpleclient-0.5.0.jar;D:\repository\org\springframework\cloud\spring-cloud-context\2.2.0.RELEASE\spring-cloud-context-2.2.0.RELEASE.jar;D:\repository\org\springframework\cloud\spring-cloud-starter-openfeign\2.2.0.RELEASE\spring-cloud-starter-openfeign-2.2.0.RELEASE.jar;D:\repository\org\springframework\cloud\spring-cloud-starter\2.2.0.RELEASE\spring-cloud-starter-2.2.0.RELEASE.jar;D:\repository\org\springframework\security\spring-security-rsa\1.0.7.RELEASE\spring-security-rsa-1.0.7.RELEASE.jar;D:\repository\org\bouncycastle\bcpkix-jdk15on\1.60\bcpkix-jdk15on-1.60.jar;D:\repository\org\bouncycastle\bcprov-jdk15on\1.60\bcprov-jdk15on-1.60.jar;D:\repository\org\springframework\cloud\spring-cloud-openfeign-core\2.2.0.RELEASE\spring-cloud-openfeign-core-2.2.0.RELEASE.jar;D:\repository\org\springframework\boot\spring-boot-starter-aop\2.2.1.RELEASE\spring-boot-starter-aop-2.2.1.RELEASE.jar;D:\repository\io\github\openfeign\form\feign-form-spring\3.8.0\feign-form-spring-3.8.0.jar;D:\repository\io\github\openfeign\form\feign-form\3.8.0\feign-form-3.8.0.jar;D:\repository\org\springframework\cloud\spring-cloud-commons\2.2.0.RELEASE\spring-cloud-commons-2.2.0.RELEASE.jar;D:\repository\org\springframework\security\spring-security-crypto\5.2.1.RELEASE\spring-security-crypto-5.2.1.RELEASE.jar;D:\repository\io\github\openfeign\feign-core\10.4.0\feign-core-10.4.0.jar;D:\repository\io\github\openfeign\feign-slf4j\10.4.0\feign-slf4j-10.4.0.jar;D:\repository\io\github\openfeign\feign-hystrix\10.4.0\feign-hystrix-10.4.0.jar;D:\repository\com\netflix\archaius\archaius-core\0.7.6\archaius-core-0.7.6.jar;D:\repository\com\google\code\findbugs\jsr305\3.0.1\jsr305-3.0.1.jar;D:\repository\org\springframework\cloud\spring-cloud-starter-netflix-hystrix\2.2.0.RELEASE\spring-cloud-starter-netflix-hystrix-2.2.0.RELEASE.jar;D:\repository\org\springframework\cloud\spring-cloud-netflix-hystrix\2.2.0.RELEASE\spring-cloud-netflix-hystrix-2.2.0.RELEASE.jar;D:\repository\org\springframework\cloud\spring-cloud-netflix-ribbon\2.2.0.RELEASE\spring-cloud-netflix-ribbon-2.2.0.RELEASE.jar;D:\repository\org\springframework\cloud\spring-cloud-netflix-archaius\2.2.0.RELEASE\spring-cloud-netflix-archaius-2.2.0.RELEASE.jar;D:\repository\org\springframework\cloud\spring-cloud-starter-netflix-archaius\2.2.0.RELEASE\spring-cloud-starter-netflix-archaius-2.2.0.RELEASE.jar;D:\repository\commons-configuration\commons-configuration\1.8\commons-configuration-1.8.jar;D:\repository\com\netflix\hystrix\hystrix-core\1.5.18\hystrix-core-1.5.18.jar;D:\repository\org\hdrhistogram\HdrHistogram\2.1.9\HdrHistogram-2.1.9.jar;D:\repository\com\netflix\hystrix\hystrix-serialization\1.5.18\hystrix-serialization-1.5.18.jar;D:\repository\com\fasterxml\jackson\module\jackson-module-afterburner\2.10.0\jackson-module-afterburner-2.10.0.jar;D:\repository\com\fasterxml\jackson\core\jackson-core\2.10.0\jackson-core-2.10.0.jar;D:\repository\com\fasterxml\jackson\core\jackson-annotations\2.10.0\jackson-annotations-2.10.0.jar;D:\repository\com\netflix\hystrix\hystrix-metrics-event-stream\1.5.18\hystrix-metrics-event-stream-1.5.18.jar;D:\repository\com\netflix\hystrix\hystrix-javanica\1.5.18\hystrix-javanica-1.5.18.jar;D:\repository\org\ow2\asm\asm\5.0.4\asm-5.0.4.jar;D:\repository\org\aspectj\aspectjweaver\1.9.4\aspectjweaver-1.9.4.jar;D:\repository\io\reactivex\rxjava-reactive-streams\1.2.1\rxjava-reactive-streams-1.2.1.jar;D:\repository\org\reactivestreams\reactive-streams\1.0.3\reactive-streams-1.0.3.jar;D:\repository\org\springframework\cloud\spring-cloud-starter-netflix-ribbon\2.2.0.RELEASE\spring-cloud-starter-netflix-ribbon-2.2.0.RELEASE.jar;D:\repository\com\netflix\ribbon\ribbon\2.3.0\ribbon-2.3.0.jar;D:\repository\com\netflix\ribbon\ribbon-transport\2.3.0\ribbon-transport-2.3.0.jar;D:\repository\io\reactivex\rxnetty-contexts\0.4.9\rxnetty-contexts-0.4.9.jar;D:\repository\io\reactivex\rxnetty-servo\0.4.9\rxnetty-servo-0.4.9.jar;D:\repository\javax\inject\javax.inject\1\javax.inject-1.jar;D:\repository\io\reactivex\rxnetty\0.4.9\rxnetty-0.4.9.jar;D:\repository\com\netflix\ribbon\ribbon-core\2.3.0\ribbon-core-2.3.0.jar;D:\repository\commons-lang\commons-lang\2.6\commons-lang-2.6.jar;D:\repository\com\netflix\ribbon\ribbon-httpclient\2.3.0\ribbon-httpclient-2.3.0.jar;D:\repository\commons-collections\commons-collections\3.2.2\commons-collections-3.2.2.jar;D:\repository\com\sun\jersey\jersey-client\1.19.1\jersey-client-1.19.1.jar;D:\repository\com\sun\jersey\contribs\jersey-apache-client4\1.19.1\jersey-apache-client4-1.19.1.jar;D:\repository\com\netflix\servo\servo-core\0.12.21\servo-core-0.12.21.jar;D:\repository\com\netflix\netflix-commons\netflix-commons-util\0.3.0\netflix-commons-util-0.3.0.jar;D:\repository\com\netflix\ribbon\ribbon-loadbalancer\2.3.0\ribbon-loadbalancer-2.3.0.jar;D:\repository\com\netflix\netflix-commons\netflix-statistics\0.1.1\netflix-statistics-0.1.1.jar;D:\repository\io\reactivex\rxjava\1.3.8\rxjava-1.3.8.jar;D:\repository\org\apache\httpcomponents\httpclient\4.5.1\httpclient-4.5.1.jar;D:\repository\org\apache\httpcomponents\httpcore\4.4.12\httpcore-4.4.12.jar;D:\repository\commons-logging\commons-logging\1.2\commons-logging-1.2.jar;D:\repository\commons-codec\commons-codec\1.13\commons-codec-1.13.jar;D:\repository\org\projectlombok\lombok\1.18.10\lombok-1.18.10.jar;D:\repository\commons-fileupload\commons-fileupload\1.3.3\commons-fileupload-1.3.3.jar;D:\repository\commons-io\commons-io\2.6\commons-io-2.6.jar;D:\repository\org\apache\poi\poi\3.17\poi-3.17.jar;D:\repository\org\apache\commons\commons-collections4\4.1\commons-collections4-4.1.jar;D:\repository\org\apache\poi\poi-ooxml\3.17\poi-ooxml-3.17.jar;D:\repository\org\apache\poi\poi-ooxml-schemas\3.17\poi-ooxml-schemas-3.17.jar;D:\repository\org\apache\xmlbeans\xmlbeans\2.6.0\xmlbeans-2.6.0.jar;D:\repository\com\github\virtuald\curvesapi\1.04\curvesapi-1.04.jar;D:\repository\io\springfox\springfox-swagger2\2.7.0\springfox-swagger2-2.7.0.jar;D:\repository\io\swagger\swagger-annotations\1.5.13\swagger-annotations-1.5.13.jar;D:\repository\io\swagger\swagger-models\1.5.13\swagger-models-1.5.13.jar;D:\repository\io\springfox\springfox-spi\2.7.0\springfox-spi-2.7.0.jar;D:\repository\io\springfox\springfox-core\2.7.0\springfox-core-2.7.0.jar;D:\repository\net\bytebuddy\byte-buddy\1.10.2\byte-buddy-1.10.2.jar;D:\repository\io\springfox\springfox-schema\2.7.0\springfox-schema-2.7.0.jar;D:\repository\io\springfox\springfox-swagger-common\2.7.0\springfox-swagger-common-2.7.0.jar;D:\repository\io\springfox\springfox-spring-web\2.7.0\springfox-spring-web-2.7.0.jar;D:\repository\org\reflections\reflections\0.9.11\reflections-0.9.11.jar;D:\repository\org\javassist\javassist\3.21.0-GA\javassist-3.21.0-GA.jar;D:\repository\com\google\guava\guava\18.0\guava-18.0.jar;D:\repository\com\fasterxml\classmate\1.5.1\classmate-1.5.1.jar;D:\repository\org\springframework\plugin\spring-plugin-core\1.2.0.RELEASE\spring-plugin-core-1.2.0.RELEASE.jar;D:\repository\org\springframework\plugin\spring-plugin-metadata\1.2.0.RELEASE\spring-plugin-metadata-1.2.0.RELEASE.jar;D:\repository\org\mapstruct\mapstruct\1.1.0.Final\mapstruct-1.1.0.Final.jar;D:\repository\io\springfox\springfox-swagger-ui\2.7.0\springfox-swagger-ui-2.7.0.jar;D:\repository\junit\junit\4.12\junit-4.12.jar;D:\repository\org\hamcrest\hamcrest-core\2.1\hamcrest-core-2.1.jar;D:\repository\org\hamcrest\hamcrest\2.1\hamcrest-2.1.jar;"/>
    <property name="java.vm.vendor" value="Oracle Corporation"/>
    <property name="sun.arch.data.model" value="64"/>
    <property name="user.variant" value=""/>
    <property name="java.vendor.url" value="http://java.oracle.com/"/>
    <property name="user.timezone" value="Asia/Shanghai"/>
    <property name="java.vm.specification.version" value="1.8"/>
    <property name="os.name" value="Windows 7"/>
    <property name="user.country" value="CN"/>
    <property name="sun.java.launcher" value="SUN_STANDARD"/>
    <property name="sun.boot.library.path" value="D:\java\java\jdk1.8.0_121\jre\bin"/>
    <property name="sun.java.command" value="C:\Users\BAISHE~1.SHU\AppData\Local\Temp\surefire7043299775423187972\surefirebooter406236680085729165.jar C:\Users\baishengjia.SHULE\AppData\Local\Temp\surefire7043299775423187972 2020-04-26T14-23-25_201-jvmRun1 surefire466683517000855140tmp surefire_01485467456657114094tmp"/>
    <property name="surefire.test.class.path" value="D:\gitTest\guli_parent-master\service\service_vod\target\test-classes;D:\gitTest\guli_parent-master\service\service_vod\target\classes;D:\repository\com\aliyun\aliyun-java-sdk-core\4.3.3\aliyun-java-sdk-core-4.3.3.jar;D:\repository\javax\xml\bind\jaxb-api\2.3.1\jaxb-api-2.3.1.jar;D:\repository\javax\activation\javax.activation-api\1.2.0\javax.activation-api-1.2.0.jar;D:\repository\com\sun\xml\bind\jaxb-core\2.3.0.1\jaxb-core-2.3.0.1.jar;D:\repository\com\sun\xml\bind\jaxb-impl\2.3.2\jaxb-impl-2.3.2.jar;D:\repository\javax\activation\activation\1.1.1\activation-1.1.1.jar;D:\repository\org\jacoco\org.jacoco.agent\0.8.3\org.jacoco.agent-0.8.3-runtime.jar;D:\repository\com\aliyun\oss\aliyun-sdk-oss\3.1.0\aliyun-sdk-oss-3.1.0.jar;D:\repository\org\jdom\jdom\1.1\jdom-1.1.jar;D:\repository\com\sun\jersey\jersey-json\1.9\jersey-json-1.9.jar;D:\repository\org\codehaus\jettison\jettison\1.1\jettison-1.1.jar;D:\repository\stax\stax-api\1.0.1\stax-api-1.0.1.jar;D:\repository\org\codehaus\jackson\jackson-core-asl\1.8.3\jackson-core-asl-1.8.3.jar;D:\repository\org\codehaus\jackson\jackson-mapper-asl\1.8.3\jackson-mapper-asl-1.8.3.jar;D:\repository\org\codehaus\jackson\jackson-jaxrs\1.8.3\jackson-jaxrs-1.8.3.jar;D:\repository\org\codehaus\jackson\jackson-xc\1.8.3\jackson-xc-1.8.3.jar;D:\repository\com\sun\jersey\jersey-core\1.9\jersey-core-1.9.jar;D:\repository\com\aliyun\aliyun-java-sdk-ram\3.0.0\aliyun-java-sdk-ram-3.0.0.jar;D:\repository\com\aliyun\aliyun-java-sdk-sts\3.0.0\aliyun-java-sdk-sts-3.0.0.jar;D:\repository\com\aliyun\aliyun-java-sdk-ecs\4.2.0\aliyun-java-sdk-ecs-4.2.0.jar;D:\repository\com\aliyun\aliyun-java-sdk-vod\2.15.2\aliyun-java-sdk-vod-2.15.2.jar;D:\gitTest\guli_parent-master\service\service_vod\src\main\resources\lib\aliyun-java-vod-upload-1.4.11.jar;D:\repository\com\alibaba\fastjson\1.2.28\fastjson-1.2.28.jar;D:\repository\org\json\json\20170516\json-20170516.jar;D:\repository\com\google\code\gson\gson\2.8.2\gson-2.8.2.jar;D:\repository\joda-time\joda-time\2.10.1\joda-time-2.10.1.jar;D:\repository\com\atguigu\service_base\0.0.1-SNAPSHOT\service_base-0.0.1-SNAPSHOT.jar;D:\repository\com\atguigu\common_util\0.0.1-SNAPSHOT\common_util-0.0.1-SNAPSHOT.jar;D:\repository\io\jsonwebtoken\jjwt\0.7.0\jjwt-0.7.0.jar;D:\repository\org\springframework\boot\spring-boot-starter-data-redis\2.2.1.RELEASE\spring-boot-starter-data-redis-2.2.1.RELEASE.jar;D:\repository\org\springframework\data\spring-data-redis\2.2.1.RELEASE\spring-data-redis-2.2.1.RELEASE.jar;D:\repository\org\springframework\data\spring-data-keyvalue\2.2.1.RELEASE\spring-data-keyvalue-2.2.1.RELEASE.jar;D:\repository\org\springframework\data\spring-data-commons\2.2.1.RELEASE\spring-data-commons-2.2.1.RELEASE.jar;D:\repository\org\springframework\spring-tx\5.2.1.RELEASE\spring-tx-5.2.1.RELEASE.jar;D:\repository\org\springframework\spring-oxm\5.2.1.RELEASE\spring-oxm-5.2.1.RELEASE.jar;D:\repository\org\springframework\spring-context-support\5.2.1.RELEASE\spring-context-support-5.2.1.RELEASE.jar;D:\repository\io\lettuce\lettuce-core\5.2.1.RELEASE\lettuce-core-5.2.1.RELEASE.jar;D:\repository\io\netty\netty-common\4.1.43.Final\netty-common-4.1.43.Final.jar;D:\repository\io\netty\netty-handler\4.1.43.Final\netty-handler-4.1.43.Final.jar;D:\repository\io\netty\netty-buffer\4.1.43.Final\netty-buffer-4.1.43.Final.jar;D:\repository\io\netty\netty-codec\4.1.43.Final\netty-codec-4.1.43.Final.jar;D:\repository\io\netty\netty-transport\4.1.43.Final\netty-transport-4.1.43.Final.jar;D:\repository\io\netty\netty-resolver\4.1.43.Final\netty-resolver-4.1.43.Final.jar;D:\repository\io\projectreactor\reactor-core\3.3.0.RELEASE\reactor-core-3.3.0.RELEASE.jar;D:\repository\org\apache\commons\commons-pool2\2.7.0\commons-pool2-2.7.0.jar;D:\repository\org\springframework\boot\spring-boot-starter-web\2.2.1.RELEASE\spring-boot-starter-web-2.2.1.RELEASE.jar;D:\repository\org\springframework\boot\spring-boot-starter\2.2.1.RELEASE\spring-boot-starter-2.2.1.RELEASE.jar;D:\repository\org\springframework\boot\spring-boot\2.2.1.RELEASE\spring-boot-2.2.1.RELEASE.jar;D:\repository\org\springframework\boot\spring-boot-starter-logging\2.2.1.RELEASE\spring-boot-starter-logging-2.2.1.RELEASE.jar;D:\repository\ch\qos\logback\logback-classic\1.2.3\logback-classic-1.2.3.jar;D:\repository\ch\qos\logback\logback-core\1.2.3\logback-core-1.2.3.jar;D:\repository\org\apache\logging\log4j\log4j-to-slf4j\2.12.1\log4j-to-slf4j-2.12.1.jar;D:\repository\org\apache\logging\log4j\log4j-api\2.12.1\log4j-api-2.12.1.jar;D:\repository\org\slf4j\jul-to-slf4j\1.7.29\jul-to-slf4j-1.7.29.jar;D:\repository\jakarta\annotation\jakarta.annotation-api\1.3.5\jakarta.annotation-api-1.3.5.jar;D:\repository\org\springframework\spring-core\5.2.1.RELEASE\spring-core-5.2.1.RELEASE.jar;D:\repository\org\springframework\spring-jcl\5.2.1.RELEASE\spring-jcl-5.2.1.RELEASE.jar;D:\repository\org\yaml\snakeyaml\1.25\snakeyaml-1.25.jar;D:\repository\org\springframework\boot\spring-boot-starter-json\2.2.1.RELEASE\spring-boot-starter-json-2.2.1.RELEASE.jar;D:\repository\com\fasterxml\jackson\core\jackson-databind\2.10.0\jackson-databind-2.10.0.jar;D:\repository\com\fasterxml\jackson\datatype\jackson-datatype-jdk8\2.10.0\jackson-datatype-jdk8-2.10.0.jar;D:\repository\com\fasterxml\jackson\datatype\jackson-datatype-jsr310\2.10.0\jackson-datatype-jsr310-2.10.0.jar;D:\repository\com\fasterxml\jackson\module\jackson-module-parameter-names\2.10.0\jackson-module-parameter-names-2.10.0.jar;D:\repository\org\springframework\boot\spring-boot-starter-tomcat\2.2.1.RELEASE\spring-boot-starter-tomcat-2.2.1.RELEASE.jar;D:\repository\org\apache\tomcat\embed\tomcat-embed-core\9.0.27\tomcat-embed-core-9.0.27.jar;D:\repository\org\apache\tomcat\embed\tomcat-embed-el\9.0.27\tomcat-embed-el-9.0.27.jar;D:\repository\org\apache\tomcat\embed\tomcat-embed-websocket\9.0.27\tomcat-embed-websocket-9.0.27.jar;D:\repository\org\springframework\boot\spring-boot-starter-validation\2.2.1.RELEASE\spring-boot-starter-validation-2.2.1.RELEASE.jar;D:\repository\jakarta\validation\jakarta.validation-api\2.0.1\jakarta.validation-api-2.0.1.jar;D:\repository\org\hibernate\validator\hibernate-validator\6.0.18.Final\hibernate-validator-6.0.18.Final.jar;D:\repository\org\jboss\logging\jboss-logging\3.4.1.Final\jboss-logging-3.4.1.Final.jar;D:\repository\org\springframework\spring-web\5.2.1.RELEASE\spring-web-5.2.1.RELEASE.jar;D:\repository\org\springframework\spring-beans\5.2.1.RELEASE\spring-beans-5.2.1.RELEASE.jar;D:\repository\org\springframework\spring-webmvc\5.2.1.RELEASE\spring-webmvc-5.2.1.RELEASE.jar;D:\repository\org\springframework\spring-aop\5.2.1.RELEASE\spring-aop-5.2.1.RELEASE.jar;D:\repository\org\springframework\spring-context\5.2.1.RELEASE\spring-context-5.2.1.RELEASE.jar;D:\repository\org\springframework\spring-expression\5.2.1.RELEASE\spring-expression-5.2.1.RELEASE.jar;D:\repository\mysql\mysql-connector-java\8.0.18\mysql-connector-java-8.0.18.jar;D:\repository\com\baomidou\mybatis-plus-boot-starter\3.0.5\mybatis-plus-boot-starter-3.0.5.jar;D:\repository\com\baomidou\mybatis-plus\3.0.5\mybatis-plus-3.0.5.jar;D:\repository\com\baomidou\mybatis-plus-extension\3.0.5\mybatis-plus-extension-3.0.5.jar;D:\repository\com\baomidou\mybatis-plus-core\3.0.5\mybatis-plus-core-3.0.5.jar;D:\repository\com\baomidou\mybatis-plus-annotation\3.0.5\mybatis-plus-annotation-3.0.5.jar;D:\repository\com\github\jsqlparser\jsqlparser\1.2\jsqlparser-1.2.jar;D:\repository\org\mybatis\mybatis-spring\1.3.2\mybatis-spring-1.3.2.jar;D:\repository\org\mybatis\mybatis\3.4.6\mybatis-3.4.6.jar;D:\repository\com\baomidou\mybatis-plus-generator\3.0.5\mybatis-plus-generator-3.0.5.jar;D:\repository\org\springframework\boot\spring-boot-autoconfigure\2.2.1.RELEASE\spring-boot-autoconfigure-2.2.1.RELEASE.jar;D:\repository\org\springframework\boot\spring-boot-starter-jdbc\2.2.1.RELEASE\spring-boot-starter-jdbc-2.2.1.RELEASE.jar;D:\repository\com\zaxxer\HikariCP\3.4.1\HikariCP-3.4.1.jar;D:\repository\org\springframework\spring-jdbc\5.2.1.RELEASE\spring-jdbc-5.2.1.RELEASE.jar;D:\repository\org\springframework\boot\spring-boot-configuration-processor\2.2.1.RELEASE\spring-boot-configuration-processor-2.2.1.RELEASE.jar;D:\repository\org\apache\velocity\velocity-engine-core\2.0\velocity-engine-core-2.0.jar;D:\repository\org\apache\commons\commons-lang3\3.9\commons-lang3-3.9.jar;D:\repository\org\slf4j\slf4j-api\1.7.29\slf4j-api-1.7.29.jar;D:\repository\org\springframework\cloud\spring-cloud-starter-alibaba-nacos-discovery\0.2.2.RELEASE\spring-cloud-starter-alibaba-nacos-discovery-0.2.2.RELEASE.jar;D:\repository\org\springframework\cloud\spring-cloud-alibaba-nacos-discovery\0.2.2.RELEASE\spring-cloud-alibaba-nacos-discovery-0.2.2.RELEASE.jar;D:\repository\com\alibaba\nacos\nacos-client\1.0.0\nacos-client-1.0.0.jar;D:\repository\com\alibaba\nacos\nacos-common\1.0.0\nacos-common-1.0.0.jar;D:\repository\com\alibaba\nacos\nacos-api\1.0.0\nacos-api-1.0.0.jar;D:\repository\io\prometheus\simpleclient\0.5.0\simpleclient-0.5.0.jar;D:\repository\org\springframework\cloud\spring-cloud-context\2.2.0.RELEASE\spring-cloud-context-2.2.0.RELEASE.jar;D:\repository\org\springframework\cloud\spring-cloud-starter-openfeign\2.2.0.RELEASE\spring-cloud-starter-openfeign-2.2.0.RELEASE.jar;D:\repository\org\springframework\cloud\spring-cloud-starter\2.2.0.RELEASE\spring-cloud-starter-2.2.0.RELEASE.jar;D:\repository\org\springframework\security\spring-security-rsa\1.0.7.RELEASE\spring-security-rsa-1.0.7.RELEASE.jar;D:\repository\org\bouncycastle\bcpkix-jdk15on\1.60\bcpkix-jdk15on-1.60.jar;D:\repository\org\bouncycastle\bcprov-jdk15on\1.60\bcprov-jdk15on-1.60.jar;D:\repository\org\springframework\cloud\spring-cloud-openfeign-core\2.2.0.RELEASE\spring-cloud-openfeign-core-2.2.0.RELEASE.jar;D:\repository\org\springframework\boot\spring-boot-starter-aop\2.2.1.RELEASE\spring-boot-starter-aop-2.2.1.RELEASE.jar;D:\repository\io\github\openfeign\form\feign-form-spring\3.8.0\feign-form-spring-3.8.0.jar;D:\repository\io\github\openfeign\form\feign-form\3.8.0\feign-form-3.8.0.jar;D:\repository\org\springframework\cloud\spring-cloud-commons\2.2.0.RELEASE\spring-cloud-commons-2.2.0.RELEASE.jar;D:\repository\org\springframework\security\spring-security-crypto\5.2.1.RELEASE\spring-security-crypto-5.2.1.RELEASE.jar;D:\repository\io\github\openfeign\feign-core\10.4.0\feign-core-10.4.0.jar;D:\repository\io\github\openfeign\feign-slf4j\10.4.0\feign-slf4j-10.4.0.jar;D:\repository\io\github\openfeign\feign-hystrix\10.4.0\feign-hystrix-10.4.0.jar;D:\repository\com\netflix\archaius\archaius-core\0.7.6\archaius-core-0.7.6.jar;D:\repository\com\google\code\findbugs\jsr305\3.0.1\jsr305-3.0.1.jar;D:\repository\org\springframework\cloud\spring-cloud-starter-netflix-hystrix\2.2.0.RELEASE\spring-cloud-starter-netflix-hystrix-2.2.0.RELEASE.jar;D:\repository\org\springframework\cloud\spring-cloud-netflix-hystrix\2.2.0.RELEASE\spring-cloud-netflix-hystrix-2.2.0.RELEASE.jar;D:\repository\org\springframework\cloud\spring-cloud-netflix-ribbon\2.2.0.RELEASE\spring-cloud-netflix-ribbon-2.2.0.RELEASE.jar;D:\repository\org\springframework\cloud\spring-cloud-netflix-archaius\2.2.0.RELEASE\spring-cloud-netflix-archaius-2.2.0.RELEASE.jar;D:\repository\org\springframework\cloud\spring-cloud-starter-netflix-archaius\2.2.0.RELEASE\spring-cloud-starter-netflix-archaius-2.2.0.RELEASE.jar;D:\repository\commons-configuration\commons-configuration\1.8\commons-configuration-1.8.jar;D:\repository\com\netflix\hystrix\hystrix-core\1.5.18\hystrix-core-1.5.18.jar;D:\repository\org\hdrhistogram\HdrHistogram\2.1.9\HdrHistogram-2.1.9.jar;D:\repository\com\netflix\hystrix\hystrix-serialization\1.5.18\hystrix-serialization-1.5.18.jar;D:\repository\com\fasterxml\jackson\module\jackson-module-afterburner\2.10.0\jackson-module-afterburner-2.10.0.jar;D:\repository\com\fasterxml\jackson\core\jackson-core\2.10.0\jackson-core-2.10.0.jar;D:\repository\com\fasterxml\jackson\core\jackson-annotations\2.10.0\jackson-annotations-2.10.0.jar;D:\repository\com\netflix\hystrix\hystrix-metrics-event-stream\1.5.18\hystrix-metrics-event-stream-1.5.18.jar;D:\repository\com\netflix\hystrix\hystrix-javanica\1.5.18\hystrix-javanica-1.5.18.jar;D:\repository\org\ow2\asm\asm\5.0.4\asm-5.0.4.jar;D:\repository\org\aspectj\aspectjweaver\1.9.4\aspectjweaver-1.9.4.jar;D:\repository\io\reactivex\rxjava-reactive-streams\1.2.1\rxjava-reactive-streams-1.2.1.jar;D:\repository\org\reactivestreams\reactive-streams\1.0.3\reactive-streams-1.0.3.jar;D:\repository\org\springframework\cloud\spring-cloud-starter-netflix-ribbon\2.2.0.RELEASE\spring-cloud-starter-netflix-ribbon-2.2.0.RELEASE.jar;D:\repository\com\netflix\ribbon\ribbon\2.3.0\ribbon-2.3.0.jar;D:\repository\com\netflix\ribbon\ribbon-transport\2.3.0\ribbon-transport-2.3.0.jar;D:\repository\io\reactivex\rxnetty-contexts\0.4.9\rxnetty-contexts-0.4.9.jar;D:\repository\io\reactivex\rxnetty-servo\0.4.9\rxnetty-servo-0.4.9.jar;D:\repository\javax\inject\javax.inject\1\javax.inject-1.jar;D:\repository\io\reactivex\rxnetty\0.4.9\rxnetty-0.4.9.jar;D:\repository\com\netflix\ribbon\ribbon-core\2.3.0\ribbon-core-2.3.0.jar;D:\repository\commons-lang\commons-lang\2.6\commons-lang-2.6.jar;D:\repository\com\netflix\ribbon\ribbon-httpclient\2.3.0\ribbon-httpclient-2.3.0.jar;D:\repository\commons-collections\commons-collections\3.2.2\commons-collections-3.2.2.jar;D:\repository\com\sun\jersey\jersey-client\1.19.1\jersey-client-1.19.1.jar;D:\repository\com\sun\jersey\contribs\jersey-apache-client4\1.19.1\jersey-apache-client4-1.19.1.jar;D:\repository\com\netflix\servo\servo-core\0.12.21\servo-core-0.12.21.jar;D:\repository\com\netflix\netflix-commons\netflix-commons-util\0.3.0\netflix-commons-util-0.3.0.jar;D:\repository\com\netflix\ribbon\ribbon-loadbalancer\2.3.0\ribbon-loadbalancer-2.3.0.jar;D:\repository\com\netflix\netflix-commons\netflix-statistics\0.1.1\netflix-statistics-0.1.1.jar;D:\repository\io\reactivex\rxjava\1.3.8\rxjava-1.3.8.jar;D:\repository\org\apache\httpcomponents\httpclient\4.5.1\httpclient-4.5.1.jar;D:\repository\org\apache\httpcomponents\httpcore\4.4.12\httpcore-4.4.12.jar;D:\repository\commons-logging\commons-logging\1.2\commons-logging-1.2.jar;D:\repository\commons-codec\commons-codec\1.13\commons-codec-1.13.jar;D:\repository\org\projectlombok\lombok\1.18.10\lombok-1.18.10.jar;D:\repository\commons-fileupload\commons-fileupload\1.3.3\commons-fileupload-1.3.3.jar;D:\repository\commons-io\commons-io\2.6\commons-io-2.6.jar;D:\repository\org\apache\poi\poi\3.17\poi-3.17.jar;D:\repository\org\apache\commons\commons-collections4\4.1\commons-collections4-4.1.jar;D:\repository\org\apache\poi\poi-ooxml\3.17\poi-ooxml-3.17.jar;D:\repository\org\apache\poi\poi-ooxml-schemas\3.17\poi-ooxml-schemas-3.17.jar;D:\repository\org\apache\xmlbeans\xmlbeans\2.6.0\xmlbeans-2.6.0.jar;D:\repository\com\github\virtuald\curvesapi\1.04\curvesapi-1.04.jar;D:\repository\io\springfox\springfox-swagger2\2.7.0\springfox-swagger2-2.7.0.jar;D:\repository\io\swagger\swagger-annotations\1.5.13\swagger-annotations-1.5.13.jar;D:\repository\io\swagger\swagger-models\1.5.13\swagger-models-1.5.13.jar;D:\repository\io\springfox\springfox-spi\2.7.0\springfox-spi-2.7.0.jar;D:\repository\io\springfox\springfox-core\2.7.0\springfox-core-2.7.0.jar;D:\repository\net\bytebuddy\byte-buddy\1.10.2\byte-buddy-1.10.2.jar;D:\repository\io\springfox\springfox-schema\2.7.0\springfox-schema-2.7.0.jar;D:\repository\io\springfox\springfox-swagger-common\2.7.0\springfox-swagger-common-2.7.0.jar;D:\repository\io\springfox\springfox-spring-web\2.7.0\springfox-spring-web-2.7.0.jar;D:\repository\org\reflections\reflections\0.9.11\reflections-0.9.11.jar;D:\repository\org\javassist\javassist\3.21.0-GA\javassist-3.21.0-GA.jar;D:\repository\com\google\guava\guava\18.0\guava-18.0.jar;D:\repository\com\fasterxml\classmate\1.5.1\classmate-1.5.1.jar;D:\repository\org\springframework\plugin\spring-plugin-core\1.2.0.RELEASE\spring-plugin-core-1.2.0.RELEASE.jar;D:\repository\org\springframework\plugin\spring-plugin-metadata\1.2.0.RELEASE\spring-plugin-metadata-1.2.0.RELEASE.jar;D:\repository\org\mapstruct\mapstruct\1.1.0.Final\mapstruct-1.1.0.Final.jar;D:\repository\io\springfox\springfox-swagger-ui\2.7.0\springfox-swagger-ui-2.7.0.jar;D:\repository\junit\junit\4.12\junit-4.12.jar;D:\repository\org\hamcrest\hamcrest-core\2.1\hamcrest-core-2.1.jar;D:\repository\org\hamcrest\hamcrest\2.1\hamcrest-2.1.jar;"/>
    <property name="sun.cpu.endian" value="little"/>
    <property name="user.home" value="C:\Users\baishengjia.SHULE"/>
    <property name="user.language" value="zh"/>
    <property name="java.specification.vendor" value="Oracle Corporation"/>
    <property name="java.home" value="D:\java\java\jdk1.8.0_121\jre"/>
    <property name="basedir" value="D:\gitTest\guli_parent-master\service\service_vod"/>
    <property name="file.separator" value="\"/>
    <property name="line.separator" value="&#10;"/>
    <property name="java.vm.specification.vendor" value="Oracle Corporation"/>
    <property name="java.specification.name" value="Java Platform API Specification"/>
    <property name="java.awt.graphicsenv" value="sun.awt.Win32GraphicsEnvironment"/>
    <property name="surefire.real.class.path" value="C:\Users\BAISHE~1.SHU\AppData\Local\Temp\surefire7043299775423187972\surefirebooter406236680085729165.jar"/>
    <property name="sun.boot.class.path" value="D:\java\java\jdk1.8.0_121\jre\lib\resources.jar;D:\java\java\jdk1.8.0_121\jre\lib\rt.jar;D:\java\java\jdk1.8.0_121\jre\lib\sunrsasign.jar;D:\java\java\jdk1.8.0_121\jre\lib\jsse.jar;D:\java\java\jdk1.8.0_121\jre\lib\jce.jar;D:\java\java\jdk1.8.0_121\jre\lib\charsets.jar;D:\java\java\jdk1.8.0_121\jre\lib\jfr.jar;D:\java\java\jdk1.8.0_121\jre\classes"/>
    <property name="user.script" value=""/>
    <property name="sun.management.compiler" value="HotSpot 64-Bit Tiered Compilers"/>
    <property name="java.runtime.version" value="1.8.0_121-b13"/>
    <property name="user.name" value="baishengjia"/>
    <property name="path.separator" value=";"/>
    <property name="os.version" value="6.1"/>
    <property name="java.endorsed.dirs" value="D:\java\java\jdk1.8.0_121\jre\lib\endorsed"/>
    <property name="java.runtime.name" value="Java(TM) SE Runtime Environment"/>
    <property name="file.encoding" value="GBK"/>
    <property name="java.vm.name" value="Java HotSpot(TM) 64-Bit Server VM"/>
    <property name="localRepository" value="D:\repository"/>
    <property name="java.vendor.url.bug" value="http://bugreport.sun.com/bugreport/"/>
    <property name="java.io.tmpdir" value="C:\Users\BAISHE~1.SHU\AppData\Local\Temp\"/>
    <property name="idea.version" value="2018.2.5"/>
    <property name="java.version" value="1.8.0_121"/>
    <property name="user.dir" value="D:\gitTest\guli_parent-master\service\service_vod"/>
    <property name="os.arch" value="amd64"/>
    <property name="java.vm.specification.name" value="Java Virtual Machine Specification"/>
    <property name="java.awt.printerjob" value="sun.awt.windows.WPrinterJob"/>
    <property name="sun.os.patch.level" value="Service Pack 1"/>
    <property name="java.library.path" value="D:\java\java\jdk1.8.0_121\jre\bin;C:\Windows\Sun\Java\bin;C:\Windows\system32;C:\Windows;D:\java\Anaconda3;D:\java\Anaconda3\Library\mingw-w64\bin;D:\java\Anaconda3\Library\usr\bin;D:\java\Anaconda3\Library\bin;D:\java\Anaconda3\Scripts;D:\Oracle\product\10.1.0\Client_1\bin;D:\Oracle\product\10.1.0\Client_1\jre\1.4.2\bin\client;D:\Oracle\product\10.1.0\Client_1\jre\1.4.2\bin;C:\ProgramData\Oracle\Java\javapath;C:\Windows\system32;C:\Windows;C:\Windows\System32\Wbem;C:\Windows\System32\WindowsPowerShell\v1.0\;D:\java\java\jdk1.8.0_121\bin;D:\java\java\apache-maven-3.2.3\bin;D:\java\java\gradle-4.10\bin;D:\java\java\wildfly-14.0.1.Final\bin;D:\java\python38\Scripts\;D:\java\python38\;D:\java\java\SecureCRT\;C:\Users\baishengjia.SHULE\AppData\Local\BypassRuntm;D:\java\mysql\bin;D:\java\python38;D:\java\java\pycharm2019.2.4\PyCharm 2019.2.4\bin;;."/>
    <property name="java.vm.info" value="mixed mode"/>
    <property name="java.vendor" value="Oracle Corporation"/>
    <property name="java.vm.version" value="25.121-b13"/>
    <property name="java.ext.dirs" value="D:\java\java\jdk1.8.0_121\jre\lib\ext;C:\Windows\Sun\Java\lib\ext"/>
    <property name="sun.io.unicode.encoding" value="UnicodeLittle"/>
    <property name="java.class.version" value="52.0"/>
  </properties>
  <testcase name="test01" classname="com.atguigu.demo.VodTest" time="0.484"/>
  <testcase name="test03" classname="com.atguigu.demo.VodTest" time="0"/>
  <testcase name="test2" classname="com.atguigu.demo.VodTest" time="0.015"/>
</testsuite>